Case #1:
109145.3
93933.32
34408.43
44847.53
34736.98
36578.65
49527.66
56258.65
55849.99
6830.728
49896.96
45100.3
2165.207
45528.02
43105.3
75806.64
53260.21
34639.16
20756.42
27597.43
71799.57
68977.28
42750.48
25832.65
52123.12
95050.81
86072.89
19171.61
23712.47
63541.77
60376.65
64656.07
133910.2
72475.28
195194
17627.29
337527.2
28662.69
33959.75
Case #2:
831805
1289.81
1289.81
1289.81
1289.81
2
1289.81
1289.81
831805
2
831805
1289.81
2
1289.81
831805
1289.81
2
2
831805
831805
1289.81
2
2
1289.81
1289.81
2
1289.81
1289.81
1289.81
1289.81
1289.81
1289.81
1289.81
831805
1289.81
2
1289.81
1289.81
2
1289.81
1289.81
1289.81
2
831805
1289.81
1289.81
1289.81
831805
1289.81
2
2
1289.81
831805
1289.81
1289.81
831805
831805
2
1289.81
1289.81
1289.81
1289.81
831805
1289.81
1289.81
2
831805
1289.81
1289.81
1289.81
1289.81
1289.81
1289.81
1289.81
1289.81
1289.81
1289.81
2
1289.81
2
1289.81
831805
2
831805
2
831805
1289.81
2
1289.81
2
1289.81
Case #3:
149668.3
41205.46
19761.99
41262.27
56956.42
139278.9
2525.167
36329.8
21494.8
48.65571
23302.22
61201.2
40218.72
23924.56
41262.27
9535601
19600.91
173777.5
18406.13
3570.37
21913.62
24427.6
20219.41
2541.402
8436.759
23231.36
109296.8
107879.9
133205.3
35858.65
304.197
24625.01
34115.73
35399.88
197.7134
Case #4:
6325.275
56332.22
106325
283080.6
447763
359310.4
272044.2
33406.31
210920.2
820039.4
1621923
5.727768e+08
235443.7
1101169
Case #5:
2041.267
1399.313
1197922
35783.98
50094.76
32312.96
19993.53
139233.1
43833.07
24641.88
31360.59
12502.29
43391.36
56806.72
719246.5
18255.48
39843.89
468212.8
11984.6
85747.94
25569.3
900694.1
4096.812
53884.12
28698.88
29467.34
29382.6
111.5987
34670.84
11556.02
57017.96
11110.51
32680.15
22953.6
82191.63
11260.09
13377.57
38464.8
32878.46
6371344
23664.73
17924.09
558.8421
58339.54
28995.11
41069.09
94144.78
44341.84
29489.63
101850.7
29258.88
13586.12
22541.28
4350.014
1745.53
209.4177
6371344
56462.86
1.193975e+07
4305.731
11539
19586.45
28936.84
65850.14
68156.59
12093.42
28358.86
9793.332
46978.24
Case #6:
29655.67
34609.69
39657.99
35626.21
31694.89
44383.22
30584.05
42674.27
27954.15
31533.03
30419.52
37531.48
33316.76
4014.726
29010.74
30897.04
12155.76
33754.7
33760.67
2878.346
29046.75
31427.55
38345.07
29797.79
30338.37
3564.995
39220.06
26461.36
31204.43
49589.39
60382.18
34994.75
12871.68
30081.24
20707.87
33073.7
50622.59
28548.1
39683.16
32179.71
28321.04
26242.39
23220.77
27334.64
40185.86
51404.97
81491.57
50429.41
3940.916
33061.69
47329.89
49801.79
62163.41
21794.67
19084.28
28160.26
83271.5
34250.91
54799.25
35820.54
33104.67
17808.84
8633.501
28158.38
38818.62
27226.84
55654.13
29127.79
33960.76
40161.56
38050.02
28233.02
13675.12
187728.1
44488.69
22444.57
20726.64
30413.64
26611.4
30785.74
24856.75
31866.66
33933.09
34145.95
42983.78
31369.5
24114.16
41425.05
31557.86
19071.66
88859.78
36216.37
33551.29
21496.85
21869.17
29849.59
155924.7
23352.32
35202.37
32429.95
Case #7:
57992.52
61367.44
48508.78
57963.29
46661.95
156530.7
44551.47
77528.52
236587.6
65577.1
37998.82
94931.93
31952.47
58227.96
54519.38
43975.27
48302.88
53802.58
55808.37
50893.13
54330.02
55350.62
52320.53
54728.8
46219.12
54014.15
53488.23
52667.19
45809.16
54846.55
50328.53
32990.48
53734.32
79077.02
55502.34
79860.89
61699.4
80464.99
62846.05
54638.62
49290.82
45147.99
50762.41
64079.22
59035.83
57615.61
67971.67
51547.53
32893.61
45149.28
75377.08
43483.83
55886.06
49238.3
56432.2
99369.88
78854
99418.16
50217.81
25273.36
50530.96
47330.53
46214.01
70869.59
88093.7
69456.67
77842.02
53722.05
51422.33
61821.59
58908.43
26688.46
53204.33
3322626
57779.03
50573.41
51672.51
59425.38
57738.31
116855.2
45270.11
41349.57
49645.23
45503.99
75001.31
5778.736
23446.2
47732.39
54539.2
60304.15
55885.32
59731.41
52071.03
51377.36
53673.37
44436.67
67339.67
56774.06
38595.79
55267.79
Case #8:
1032.665
29170.71
36302.63
Case #9:
5724247
181.0166
1
Case #10:
3479.032
37008.52
21522.22
9043.921
22792.66
11536.14
576328.1
514.5629
65283.02
14593.71
30.21581
15556.54
6392.394
339.7882
5682.305
5
3235.429
28253.42
69650.66
12122.74
6162.379
15182.41
1171.371
33064.12
43828.51
927.6163
530.9397
65629.06
12470.94
Case #11:
52000.88
107847.8
21544.41
48938.17
33473.07
17167.74
77484.8
28807.55
14710.17
26457.39
9273.903
38547.42
40879.62
43534.34
27217.74
39678.71
28408.11
19144.95
34149.34
38277.53
41934.36
249661.9
39315.83
32959.44
57835.02
44533.69
33469.96
25809.8
44187.1
67215.01
193036.3
27721.1
94771.51
48609.71
21305.93
35306.74
14487.63
25889.82
43150.26
25258.97
80431.36
56388.53
70556.41
24510.25
37680.73
26138.62
100918.1
76821.45
37591.06
67473.07
43390.57
35209.28
31229.04
41889.49
42233.21
68069.36
83446.84
30653.27
85664.85
22855.07
59058.95
38782.89
43529.95
30950.91
68406.35
25699.77
51708.45
61987.47
21353.03
24025.13
27930.2
106906.1
41289.48
35900.85
66338.11
31297.76
11647.86
75991.98
25455.94
53737.05
40121.57
195444.2
37075
56556.75
36333.39
25306.48
35397.92
51757.34
385551.2
32350.87
38963.01
33492.45
13916.92
29895.41
29777.82
22957.93
118454.5
48739.25
47468.83
141463.7
Case #12:
31598.63
5413.476
7117.172
12212.95
11336.29
3814.336
10256.1
26661.83
29929.7
24351.16
39136.95
41316.97
1540.227
5998.75
11490.73
5876.67
85922.06
7878.965
8722.99
7953.64
9131.931
29255.19
8839.03
6874.614
13749.26
9841.462
8682.96
13223.15
2942.501
7794.637
7366.707
6363.322
9801.124
7196.219
9827.458
4130.693
7216.834
10764.99
26290.31
60495.84
45328.07
770.3119
12742.09
38060.9
79189.88
5725.343
5121.112
6138.522
1104.57
12173.47
44283.99
20070.99
3165.909
39634.15
49227.56
10491.61
6159.399
29380.17
10593.77
7
10257.1
8663.514
3065.548
Case #13:
131300.4
521297
725087.4
134890.3
82543.65
238316.3
148772.1
41455.58
75129.47
206916.4
542718.7
8824.412
370694.6
247.3974
68832.95
17356.4
59101.75
19472.08
2329827
8765.62
23186.4
2384628
150457.8
41198.36
183205.1
263302.9
108263.6
163837.5
111669.1
287401.6
217771.1
227773.2
162653.5
1.731031e+07
3673.031
22719.43
90053.16
388281.8
575646.1
35749.26
834920.3
16424.3
180252.1
1641154
276026.8
359299.5
64589.63
352646.9
369461.1
544683.9
617675.8
164630.8
63861.39
105126.4
5.948819e+07
57211.96
224410.7
377134.3
30228.78
49120.75
165440.4
34795.16
196130.6
35262.42
191236.4
260307.5
22271.52
18680.41
33145.98
13234.04
394359.7
Case #14:
44025.77
64489.09
48783.94
76443.2
54567.26
50478.11
56441.1
92153.83
50158.05
56588.98
50174.22
21358.26
94586.08
36542.19
25583.09
135851.1
Case #15:
7131.258
2388.876
12507.71
5356.964
7716.645
5310.871
409296.1
27285.91
9858.54
7324.425
191.1138
8605.559
14945.96
4559.035
2166709
14719.28
9291.076
10310.01
10682.22
47648.94
20842.2
8245.292
37937.71
2082.824
11736.96
11093.14
17805.65
1650.646
9165.357
12516.74
9761.444
6660.853
729914.8
264.1229
18435.96
15595.82
13980.64
26635.88
12505.44
10117.96
13310.38
1147.172
2420.321
7595.957
16110.54
18212.37
22863.12
8207.168
3547.779
27445.48
7713.528
6797.41
1451359
2111.397
8613.509
62351.71
16234.96
2099985
42118.45
29486.08
3672.518
2808.952
55697.71
9217.397
11463.36
40615.98
7887931
4839.352
4047.505
8609.887
1205.567
8740.93
44453.1
1499.643
12914.99
3933.757
9173.868
Case #16:
19836.73
20992.15
135452.7
12393.91
3414033
16644.85
37567.59
95534.4
7494.895
320811.5
33865.51
95059.28
11124.27
302937.5
37389.7
345161.3
203647.8
87275.16
3.505722e+08
142718.3
76127.05
30824.54
92276.97
1363912
4011131
628486.2
106734.9
90020.59
3.306684e+08
802265.7
1.39138e+08
68074.35
21490.16
54797.32
133094.8
247822.1
29530.55
560577.3
23701.68
40312.94
37066.76
119378.6
34342.09
713946.9
64990.02
45560.44
1220004
35833.93
419824.9
108913
69626.74
1529191
16206
42116.03
139026.9
372.2257
424651.7
1307844
21253.67
345161.3
36190.95
31347.85
708589.1
69862.94
8039.613
87502.32
2576864
8064
92749.69
45405.38
35650.13
32534.01
109464
51445.82
81260.39
90150.49
85246.09
105375.4
51732.49
306047.1
33295.7
61069.85
6321.516
82213.67
23292.24
92197
78036.48
9723.04
51572.09
37397.15
79807.3
45590.03
127259.5
44713.68
92219
Case #17:
18581.67
4615.023
92140.41
23317.27
2859.436
27071.87
1265.595
106172.2
22449.02
24210.46
25371.3
13579.55
37358.18
6018681
716.2194
29007.15
55120.37
20730.14
64857.6
4664.282
171621.3
3511.207
4102.361
5.673293e+08
31767.51
13069.26
208249
31413.49
53289.2
21911.25
12981.5
173692
87093.74
79079.42
30530.87
21468.05
16536.75
16157.68
12766.98
23613.11
44685.38
43545.13
60607.64
27879.13
44651.52
14289.69
9419.085
19552.56
Case #18:
95298.72
73690.03
53397.68
5468.967
1459519
13687.54
75976.03
712091.8
4388.818
59311.82
55621.03
78371.28
2599.489
19826.87
2592.175
231686.2
55024.22
161047.5
150997.1
221949.4
10509.44
7101.786
82702.05
24797.45
54028.05
1.182707e+07
156385.9
45083.26
100237.4
1.182707e+07
28423.32
10239.29
113188.8
23573.97
63657.8
22777.36
3021028
108628.6
2521.271
1912648
107.4509
19018.99
76502.98
21888.68
267035.2
115272.5
370965.6
175484.3
47106.48
42480.94
Case #19:
85033.8
1132.256
8260.563
311828
36747.03
58389.83
12880.18
6416.569
5394.99
8129.862
386.9214
163740.8
20059.94
11724.67
16432.1
970.0195
8320.353
15781.84
24048.96
12195.31
16400.3
109285.6
7037.787
10701.23
6685.774
30018.23
25156.43
9084.829
42572.19
16300
9816.625
13639.12
13778.17
11512.84
18504.39
254548.6
26049.12
15594.44
3658.258
7331.988
11046.67
11417.95
9906.528
153.2848
85804.32
14104.38
3716.042
11227.82
18807.64
1217.377
6317.896
157260.2
4489.327
87144.72
15425.63
6777.152
13610.89
8845.701
Case #20:
49585.23
105266.1
41590.94
100293.7
52344.21
173596.8
Case #21:
36422.65
30922.44
18999.4
6487.696
25021.92
76867.32
23580.98
28851.77
25603.55
24144.94
19744.37
5323.6
22107.29
14875.36
2173.953
56154.82
127806.7
20681.25
52017.99
616948.6
680.2807
17876.03
60061.18
22455.14
34140.66
2760.119
27991.42
408843.6
34306.35
7196.491
15184.09
18025.49
4.418849e+08
26883.19
5899.938
17938.84
12036.2
756.2874
24283.14
19542.92
258645
25209.74
31290.11
22574.29
39203.15
36457.2
6667.908
8528.778
10683.03
20778.84
12981.32
25298.54
192434.1
11858.89
340630.1
10365.61
14404.55
19250.68
7737.573
334285.4
24207.71
26819.55
1.164259e+07
19924.93
Case #22:
26765.14
26309.48
31618.78
23992.33
31178.47
30600.67
30493.66
22323.04
30905.53
21743.26
30671.55
16164.33
25938.5
70157.99
30924.71
32181.35
25587.22
30888.32
89524.12
29990.6
46695.97
23745.36
30141.29
30206.72
20600.78
28040.01
28236.53
22164.04
28688.42
31630.22
18152.48
35189.21
36321.77
54460.9
36665.27
29865.67
29236.3
29970.66
27236.07
28481.83
32127.25
24755.73
30964.9
33174.22
29414.3
21649.07
24351.56
60634.1
33600.33
27447.54
30458.03
40596.66
62702.19
42772.62
23686.29
29822.94
42853.47
45023.16
30242.56
29799.53
13973.75
58338.05
30224.5
30265.31
43737.62
21677.67
25259.06
20936.21
37847
19402.32
30535.62
34940.16
28348.24
36679.19
35820.5
58088.48
27690.46
29798.63
30250.59
23767.91
20009.37
32043.69
106071.8
32675.63
34244.07
29845.75
17830.67
25879.52
24086.3
28346.15
31613.85
35423.96
30519.85
74389.91
31644.58
29731.52
145695.5
29928.5
32579.58
58476.96
Case #23:
51222.39
83394.93
35441.3
39586.39
74490.9
75832.44
73799.18
26975.73
35207.81
42271.95
55544.37
42348.74
65570.87
29892.01
11937.18
37541.56
327205
15047.64
3493116
47771.49
39880.4
34974.98
42209.67
40259.45
26963.45
38829.78
45560.14
35521.9
32383.53
46700.13
56847.6
80594.62
25531.12
38356.27
66712.69
41646.86
10734.35
33261.16
78580.09
1
31136.61
16600.08
104816.2
68825.26
14373.33
118499.4
39437.7
20222.69
1826.489
65990.67
15834.79
57044.17
42156.25
40644.97
11003.88
53746.71
58429.43
49863.97
48571.86
48713.97
36017.35
55359.73
244887.4
42539.56
40859.88
32237.92
35774.23
42176.2
11403.47
49720.89
45647.03
10498.98
43824.86
13281.84
82747.64
75659.44
5213.083
36118.72
3320.858
85876.85
21029.29
848627.5
46865.25
42301.7
32826.57
221683.5
64716
97156.56
71293.73
413388.2
91601.67
35860.21
22143.38
34400.42
26570.3
37581.88
33179.68
85760.53
4990.695
31638.98
Case #24:
5334.939
25464.56
5331.665
15761.02
4978.744
12716.5
180660
12166.26
20116.32
52429.21
31514.73
18883.74
9615.379
97902.33
26103.67
170482.2
53946.45
20491.73
24841.67
13962.2
22226.84
122342.9
9128.124
117212.9
5919.114
31088.65
30041.1
81367.34
50001
163405.1
372714.2
25849.03
36873.78
28413.01
9714877
42711.97
107453.8
Case #25:
40390.83
35789.55
37278.26
43604.68
37031.7
41167.72
64282.19
60441.35
20067.07
56796.65
18684.41
35779.56
53576.94
29751.86
43192.56
34089.82
38054.19
38061.91
34736.79
60649.08
45493.99
69808.73
50838.76
40229.28
53424.31
39848.96
39880.39
41609.61
36144.16
46025.58
4161.696
42212.37
37741.41
31325.52
81567.26
32713.96
23356.8
57660.86
18814.99
47885.01
5323.059
56504.16
41256.58
40323.92
46092.76
30417.72
50703.46
44292.91
35660.28
46735.16
99632.72
18766.55
37256.68
8599.675
46377.26
60573.4
42171.23
55170.44
56548.48
49647.74
41692.67
42081.47
48111.3
48744.32
43018.29
73769.68
42838.08
39820.41
10387.75
34570.64
32163.22
44835.32
38897.42
40243.67
7162344
47402.53
27074.78
53007.28
41399.47
34226.25
10782.52
47590.11
31539.45
31221.02
12362.09
48124.26
49366.29
44241.99
39278.59
40496.67
33078.58
33990.58
54317
44167.72
43553.72
41143.13
139394.7
43722.4
39947.21
34153.93
Case #26:
81849.87
78724.86
459517.2
95306.22
167109.2
73764.99
65490.16
80024.53
177289.2
71722.02
80073.7
190154.1
127429.4
189740.7
162227.8
41565.13
340496.1
137730.1
263277.3
5635750
98211.06
125129
39807.45
130401.6
120353.7
120913.8
253267.2
105855.1
67515.03
143983.9
44247.74
201578.9
104150
122429.7
4.367875e+07
62215.53
4
104891.8
184087.8
159599.9
98783.09
33715.93
93302.36
29917.81
6715.93
30088.59
142168.9
117765.1
160104.1
108211.2
100781.9
104136.6
279102.5
132731.5
99725
280856.8
170074.4
248642.3
95065.51
62448.75
55405.54
7826.321
12994.92
188663.8
158644.1
142651.5
127117.7
37410.42
19741.77
142679
99269.15
721125.8
223672.7
271960.2
143862.6
70619.52
88265.42
135265.4
132087.2
150708.7
137410.3
18105.06
116920.5
3.638556e+08
1104.146
104190.8
128580.9
164771.4
861363.5
9819.703
115725.3
9431.06
135398.2
16548.22
151416.7
Case #27:
2.366903e+08
116740.2
159646
307599.7
3726256
136876.8
211572.5
146966.8
319358
942895.8
85350
144786.5
408345.3
22079.5
Case #28:
398565.6
14430.9
Case #29:
87785.02
22398.11
121.9344
206866
23620.74
671.9241
15576.41
40958.28
10309.17
147523.5
21953.64
22825.04
18897.84
11539.77
183579.5
228435.6
4984.739
2557.184
19055.14
65614.43
260.7676
23700.75
38428.84
5748.329
21469.42
15052.74
76852.13
4090.625
55550.45
157692.4
13447.66
9560.498
18034.27
247.5597
48727.27
15644.6
1294585
575479.9
3529.476
7856.457
40092.43
249.4376
2513.352
14007.05
12108.47
5857.015
689.7477
12506.75
17602.68
Case #30:
30429.47
28684.43
50774.83
26342.33
27867.76
47661.6
35224.62
28855.74
26206.18
10155.05
21260.2
46566.13
21672.16
23090.66
12940.77
26277.04
39882.98
34493.78
27668.9
36181.57
43512.77
586.935
30887.29
22045.97
35197.8
32683.63
29505.8
20568.38
37953.76
35577.23
29881.93
31608.25
33658.91
66247.05
44633.11
28880.18
24076.29
36074.95
31138.55
31117.22
26595.21
51853.16
33423.83
25490.66
29097.45
34828.59
32767.88
31879.44
22062.15
39856.85
21254.78
2820.362
33647.91
21845.66
5070.831
44238.23
31957.11
34430.67
24585.19
33256.17
34888.16
195411.6
27014.14
20245.76
82333.69
22220.67
48360.21
24225.88
31999.51
15311.11
50701.19
27003.67
28709.96
22405.53
28651.11
28402.11
74771.58
283707.4
36069.99
33104.5
19635.28
31028.41
30651.92
244023.3
30703.87
28429.66
30474.94
29087.35
32062.59
36470.24
28464.29
32436.51
36142.9
290479
30252.29
52636.98
29242.84
31945.32
23831.31
29417.24
Case #31:
4452437
51798.07
328069.2
18193.99
74420.39
57832.88
46418.09
50444.83
176353.4
15109.77
18351.37
39783.32
120652.2
57789.09
32536.01
85137.17
50398
19392.21
12682.47
79904.57
940090.3
68090.67
19843.41
21076.82
128536.3
36622.79
40816.83
46574.38
761882.9
22308.27
102482.9
81291.59
25659.64
31778.15
69619.02
81303.72
42722.97
99319.39
23225.42
48879.89
65052.97
24091.98
47970.21
5096.634
22476.34
57771.94
39245.11
15831.42
13879.14
42105.04
41065.24
15059.32
63551.23
24578.52
36743.11
46173.91
45897.44
47799.25
40801.27
31037.52
42905.29
34734.7
18260.59
63430.16
96908.05
922086.4
51240.84
26399.6
33061.5
26829.04
28345.21
21713.72
28086.06
31872.38
32179.86
20715
46097.16
178139
49144.34
6100.9
289030.2
45816.68
4394.063
91383.83
Case #32:
35637.02
69128.1
119660.6
77375.83
26172.06
124731.2
102594.6
57162.59
71773.95
260483.7
10520.68
126167.2
114924.5
3122.735
106756.6
1.955108e+07
81980.35
44370.19
7491.161
87450.13
41168.6
70342.38
73084.95
98192.06
75871.94
311014.8
69156.73
66195.2
86429.56
Case #33:
880.6615
42501.94
168432
14567.08
21715.09
12704.72
63780.03
16073.09
7225.256
4168.478
17399.29
1638.157
3805.262
1861.624
28471.43
23757.87
10585.45
4694.173
24287.6
2530.294
35245.09
4136.916
13909.2
18261.86
18504.58
2876.085
33706.46
7955.286
36938.43
12418.97
13975.93
18976.35
23735.12
1558.808
446.1846
17322.06
44512.5
6401.857
30169.09
20493.2
47285.81
5390.251
7622.295
Case #34:
46107
31743.76
28354.25
46466.88
44570.42
34417.6
71825.38
29570.81
55406.89
39952.3
41795.22
34053.81
57733.51
46278.38
41878.21
46519.31
50884.19
8029.474
38370.61
70811.85
46906.53
40097.22
43046.46
74023.07
37288.3
34997.78
34796.9
46931.43
41362.13
36518.19
53735.78
40115.27
39998.5
70597.52
67070.47
36244.41
42584.73
45471.23
39367.07
340710.3
41686.98
41109.63
63770.13
70179.37
7976.856
52019.04
35491.21
31268.09
56376.53
50326.14
42039.37
39192.19
45881.79
26930.53
401418.3
92065.49
34855.46
28171.52
17858.42
29676.87
1873.725
40621.11
55212.5
32562.55
54014.88
56601.71
29905.87
26557.02
45412.34
44893.65
39604.72
32074.4
68924.68
59081.24
35358.13
62798.15
63388.13
28545.15
50760.9
32257.44
62664.8
48774.52
43117.43
60578.78
43525.37
30670.65
36092.61
42179.1
28661.95
61066.57
75163.78
28851.7
33618.1
44830.6
17377.23
70304.09
56972.84
19743.37
8598.292
38398.42
Case #35:
7889.787
17283.23
144793.3
13131.78
32771.13
18263.55
7889.787
48467.83
45271.73
2996.979
2641.135
2811504
24745.53
28264.53
11710.02
10629.6
7402.641
15005.61
11348.81
54686.14
464305.2
7463.314
23146.15
900822.5
28430.21
17657.74
108288.6
46724.6
11784.61
29531.86
15985.76
14917.53
20660.24
25624.49
36701.3
22917.08
39194.42
2647.564
25624.49
9967.301
25930.73
682.3928
9538.05
28858.72
95.37295
27449.9
76517.85
12558.39
38876.05
27955.65
30794.38
32996.22
27201.59
6412.85
6878.029
4754.525
16075.98
25624.49
11244.16
14915.33
58052.42
23186.91
6684.385
5235.133
92255.92
40396.06
26450.2
3423.232
21895.44
2671.89
252.8349
20272.62
3082.022
76760.28
28707.13
37970.5
39969.43
204392.8
725825.2
23920.99
39132.44
16827.24
33691.4
12804.95
6878.029
29803.15
6445.915
4840.29
37771.65
19315.44
69329.16
12385.81
21384.89
Case #36:
127922.6
4
141754.1
1.65797e+07
921.591
11540.6
261859
176018.9
670489.6
46780.54
7193.814
290391.7
114333.8
173374.4
306518.4
7846.876
178342.8
9.133332e+08
423934.6
161879.6
167582
2397270
43332.91
16687.1
681281.3
18514.45
16687.1
26912.26
10987.45
773861.1
505.9365
31101.55
75880
599091.8
24161.23
12696.51
598412.6
4270.258
529641
148215.3
25101.65
1220164
598412.6
617.8884
3609362
2.249377e+07
71741.8
26912.26
23702.26
416.8345
3
167582
16588.18
155605.1
467224.7
3.498397e+08
1
124739.1
66502.3
1259993
345178.3
239550.8
138776.3
52175.04
Case #37:
73702.55
50158.56
49946.17
114031.5
14054.83
31176.98
147960.3
60664.46
5.385067e+07
97461.19
144931.1
79182.94
40879.76
187717.4
45775.95
115051
16553.25
324413.8
482111.4
4376.415
39287.19
60899.02
414352.9
123868.1
46743.72
134690.5
145935.7
115958.2
12729.3
78488.23
154672.1
41613.71
52102.88
103638
79016.44
157745.5
54944.36
33206.01
45851.6
14096.81
1345850
115211.1
1723119
47598.33
38151.32
15583.55
37062.56
119839.2
48637.12
46895.5
1.338102e+07
48861.07
54444.13
56082.66
230990.7
44422.03
18062.48
171349.9
34700.9
73224.32
287712.5
41285.57
41991.18
75446.99
70733.18
92882.35
45826.01
102700
29411.95
83541.26
Case #38:
131071.4
14219.99
65338.43
65267.44
80590.85
65377.18
104503.7
57593.26
38249.77
57750.18
62469.72
63582.37
44280.01
62322.76
38604.94
59867.04
65508.05
67465.98
41724.42
46336.77
41361.23
37743.91
57077.04
32678.73
59322.22
66122.23
61403.24
54803.37
110896.1
73053.69
68664.25
59152.28
63391.78
59969.77
77505.84
41087.17
65889.32
51944.44
61775.84
63005.59
54105.49
61150.58
40424.65
55541.53
72764.48
53073.95
63187.55
55418.5
52995.8
61170.43
47700.61
67099.46
82260.92
80814.79
73299.14
69183.89
68314.61
58759.94
63595.88
23621.09
35768.98
42746.97
65815.03
43373.14
74138.29
63610.72
64038.52
58307.61
64160.13
61439.48
34342.15
111233.4
57840.56
59524.73
80632.68
156219.7
76071.92
58471.91
125495.6
69529.46
63579.84
53120.4
57848.25
52265.04
53330.65
62043.99
30647.37
19211.62
62498.77
64933.74
65681.95
44177.68
59139.93
61999.57
53900.22
40187.81
70988.51
21656.86
50365.54
54419.33
Case #39:
79312.39
108664.6
6379.18
40322.08
44656.17
2360137
41682.47
139855.1
52180.45
85277.84
62667.51
120599.3
68176.13
61215.09
101952.8
43239.06
42731.25
41117.59
49488.29
154587
29973.62
46698.17
67894.39
54869.4
74508.96
43171.48
59766.17
57149.54
29878.67
47577.89
52457.17
18775.67
41338.29
46989.01
28827.64
51644.36
21621.89
145750.3
47932.07
45811.83
32888.53
51289.61
51535.45
59261.12
123937.4
17447.54
32891.93
54109.82
44854.62
154034.6
53485.83
54750.45
48607.26
48750.72
86849.67
60429.08
68761.33
29570.93
72734.46
58180.67
62727.95
87898.1
49411.81
40403.7
64511.4
108160.2
69528.17
52998.33
45629.98
53714.42
40833.37
45500.64
135328.8
56069.91
61879.33
87740.57
9565.145
54063.43
56755.32
165444.6
64702.3
120557.2
37555.39
67233.62
39416.35
96482.22
49133.18
26215.75
56485.11
48427.15
48805.01
39289.17
50687.44
31506.23
93860.41
59924.44
50254.55
45286.1
83205.02
60992.45
Case #40:
4.008835e+08
4.965041e+08
4.437048e+08
Case #41:
62383.74
198821.2
43189.16
56747.86
7263.538
37137.51
1181109
60222.81
83770.62
13073.53
9945.634
608.2105
59556.37
52215.79
47208
72860.03
25977.19
103273.2
50602.58
296601.2
4175.11
18769.29
9005.403
237375.4
21384.14
57582.8
16879.39
35431.23
334724.5
25450.07
108275.3
53258.76
14492.38
6736.386
42697.8
20755.96
98728.55
15498.2
61322.95
60014.94
28709.29
1.855342e+08
3904.051
58660.24
16588.05
34116.96
47817.52
106072.2
89416.17
16545.02
31527.9
27812.68
56823.16
52417.84
2753.537
201422.5
22610.86
40246.58
40390.46
150314.3
40532.59
117141.4
53278.96
61276.02
160341.2
44232.04
21982.02
150941.8
45608.05
38473.62
1620643
73604.42
49909.18
48795.81
97202.94
53233.34
66799.68
54113.76
87182.64
40629.92
65052.17
38716.39
58568.4
57932.12
243070.5
142966.3
35865.17
184.3824
278138.9
123080.2
Case #42:
158912.7
213847.9
79815.96
309156.6
124387.2
204105.4
68117.35
96190.66
387288.7
329698.1
129329.8
139004.3
413964.8
9010.493
35727.79
38069.54
111673
62695.96
132437.3
115716.3
18893.6
231546.9
85888.12
37558.06
448292.1
56973.61
160855.6
322482.9
902.9529
8357.65
596535.4
37558.06
443530.1
109870.4
72887.52
440220.1
685854.6
63369.39
282828.8
85885.26
1.128663e+07
60063.89
452321.9
106509.7
988061.5
144344.1
78605.64
451240.3
414679.8
260930.8
206604
70665.08
67103.62
9
22995.64
226033.2
118870.6
213176.5
9253.73
758648.9
90428.73
28662.73
92127.76
231000.9
99171.36
507502.9
129271.2
7614.702
116636.2
187788.5
177599.7
82278.39
77847.36
192046.2
95257.73
178782.6
74884.43
62908.46
94044.01
86118.67
146671.8
124507.6
26816.92
96338.42
13885.71
149048.3
148737.3
53225.41
20454.58
100676.5
38359.97
22543.57
655405.9
46923.53
132437.3
30148.69
Case #43:
1.414214
2.44949
Case #44:
31258.54
21838.17
20033.08
37206.94
205400.4
7969.611
10677.1
11459.01
985060.9
12739.87
11063.01
21385.46
19059.08
6813.472
13933.65
11413.75
12993.15
3
17694.99
20776.62
109726.8
4223.633
23534.17
1.686334e+07
20996.74
55411.68
19644.44
21393.61
6.708204
23697.32
3195.771
10135.84
14662.76
13848.18
6219.15
19525.7
9510.103
88068.95
66256.86
15957.27
17257.79
59988.98
39524.59
19852.83
13065.28
15165.74
17237.1
27796.74
2177.105
31662.09
2.996907e+07
50537.67
56216.88
17291.8
23542.02
16676.39
31946.75
19280.78
15146.91
3323.181
32150.27
30749.97
6.941096e+07
4184.482
2177.105
16030.09
630.4577
10768.6
21461.71
5869.545
141701
44525.8
127134.3
27477.15
6345.615
14909.84
6293.455
763303.8
14167.64
25478.35
28116.96
15606.14
11254.11
51628.5
12935.92
14037.09
65975.52
9745.551
22049.53
16389.71
Case #45:
38265.42
430205.8
16498.82
22334.54
139131.7
93835.57
24983.66
11836.94
Case #46:
161206
56922.91
220079.4
127124.8
122989.8
124423
82436.46
239533.7
460411.3
88426.3
165893.3
200286.6
183968.3
109971.6
129641.2
137344.3
153005
190829.3
247491.3
Case #47:
91037.77
45376.91
60542.96
3
370408.1
33568.75
1248796
776001
2661349
14653.71
193260.1
74591.95
30762.23
42260.35
169578.5
96124.4
44692.57
60420.56
45678.12
66150.82
1.260617e+07
33110.37
164842.3
233572.2
82447.17
112031.6
68972.21
83644.46
Case #48:
20975.26
170147.1
31999.41
188922.4
5714.719
8658.679
4600.704
28635
15785.55
46885.22
14003.91
11130.5
273674
17746
7799.461
13000.31
38138.26
15099.63
281.5527
26948.1
11169.77
27847.41
27068.44
19260.06
10511.87
12712.25
12367.29
104614.7
26272.15
16985.87
12402.22
18809.08
5281.146
77451.51
6582.548
17697.69
9491.466
6744.293
10
19692.2
6678.138
17153.98
6602
15481.27
188725.9
46583.26
480622.2
16833.99
38294.43
14297.57
37552.98
2579.102
12885.27
27238.04
2692.78
34627.43
11554.52
25539.09
39426.64
Case #49:
26505.78
77645
56734.5
3265.644
7306.8
47051.9
16091.54
88126.03
13805.63
23754.42
36411.35
14689.81
81562.67
38589.05
48607.41
10050.64
33405.55
63598.51
27.62914
30197.64
50517.52
41348.98
268555.9
166159.9
26733.27
38934.81
28997.15
27838.03
64397.4
22111.73
18558.87
8826.355
297352.6
25769.65
18760.97
258221.5
31022.97
17113.25
13252.03
37942.85
127137.6
22251.94
97211.86
65368.3
7926.544
111609.5
77079.95
16468.24
4879.241
59723.12
20233.33
14505.95
30119.94
136432.2
1564.237
18133.27
27957.9
80072.04
40820.43
32569.57
41772.55
52708.14
26945.9
59762.83
65529.74
13556.78
33527.92
125488.3
24928.25
41137.59
3618.588
Case #50:
5542.489
160439.9
38079.51
4795.47
21029.9
29598.23
38530.16
2.31568e+07
21473.56
1.356624e+07
302560.6
62414.35
3848.871
26205.66
27060.62
31014.17
19588.74
45003.73
38583.95
10534.42
20822.56
53433.47
2353.156
101113.8
110172.7
33307.99
15461.2
19521.38
4974.606
52112.32
249255.3
32780.85
14767.58
11082.29
137613.1
24106.23
18018.53
25133.83
34015.18
6836.185
24952.59
35719.64
267758.7
83667.17
34753
70799.78
52112.32
21230.77
37592.1
294840.1
41141.97
33698.01
16028.07
14466.91
64848.32
18935.01
13857.06
1.347699e+07
44415.45
56228.43
874.2187
28980.63
5462.372
159364
2996.46
93461.65
121930.1
28220.95
26818.71
26859.82
7129.34
92498.36
1732.984
284146.8
22976.84
38281.54
65541.96
26054.33
26364.48
280852.5
286187.2
35627.07
6386.861
122777.6
25859.17
32545.41
2603.959
Case #51:
50507.73
19086.85
3602837
183328.5
48027.88
150781
4348.756
212398.4
15973.79
15498.15
47343.89
147474.3
15955.8
7.849115e+08
347.4399
Case #52:
4
364.3835
2944.268
12602.42
4215.139
9957.769
11742
3545.933
38259.57
3002.029
1836.983
20105.63
7156.684
2319.458
3316.619
44113.21
1655.895
7279.01
13861.51
2060.754
11629.57
7774.211
4337.16
5262.916
10884.8
5648.689
37597.59
6006.137
Case #53:
9945.332
25250.37
19995.6
39753.78
11617.22
8377.566
11288.54
20063.55
20422.12
26471.51
19079.25
26704.96
33758.15
43509.91
8698.422
24821.36
23185.32
136714.4
35767.49
12592.91
21899.46
7371.649
12772.88
58486.69
7
26863.02
27000.83
11664.07
13564.32
7910.205
22501
9246.462
31626.37
9021.405
12990.5
11372.95
8437.697
1971.445
16082.46
8285.47
17377.79
15865.42
86018.62
61532.92
57677.45
30237.5
11696.63
8397.247
63271.62
38094.02
12487.88
13778.31
32979.82
14752.25
23831.82
14344.55
12790.39
200779.4
25304.86
18605.42
76748
13654.26
62869.34
13761.3
19023.43
16361.58
18205.19
15595.94
21674.21
32596.1
12113.16
11948.61
26173.2
36327.82
15734.52
39010.42
20298.31
17719.44
32519.13
26740.54
12688.99
19467.21
22718.55
16117.15
33646.13
18247.15
18197.83
6652.425
17470.5
114013.2
41743.31
44433.26
11609.47
20739.54
27603.87
20579.04
14041.42
11732.88
30425.13
14506.85
Case #54:
66533.84
56040.33
57917.29
295678
7937.757
45793.64
11022.82
98645.06
109227.7
1249126
59339.97
20686.84
17032.38
65786.65
188916.1
31773.36
62312.7
137281.4
Case #55:
553772.6
63804.63
63804.63
13888.03
7719887
63409.78
236677.6
657.9878
101874
2504.397
252606
64960.23
98656.54
123967
49623.86
4905.486
140099.1
1527979
2504.397
777068.2
146697.1
132555.8
101053.4
7719887
30607.22
30607.22
45632.09
2504.397
24668.26
103884.3
13888.03
236677.6
24668.26
Case #56:
67523.08
751545.2
681.5901
1519696
132077.2
338096
718466.3
206723.8
232114
109063
116.7565
63874.68
248411.8
21341.35
239626.3
403734.8
403955.8
255210.1
484924.1
54203.38
572873.6
38810.37
206539.1
126949.9
233281.1
182144.2
15768.74
115296.3
279362.2
411781.4
2.862373e+08
1630798
177472.5
428939.6
1648026
65789.26
126739.7
965890.5
159097.5
557265.5
246156.6
293707.9
473079.5
37661.93
386244.5
216983.2
435755.6
552290.9
438.797
172035.1
662805.6
1314188
802856.5
1030918
197073.5
468015.3
2446680
129986
7.590889e+07
1011185
331319.7
1.108849e+07
159000.9
50439.89
122407.7
5655421
417894.1
525177
162686.1
554426.9
223308.7
136465.2
76344.44
348210
344217.4
404398.3
Case #57:
55652.25
18549.57
50154.54
62037.71
205.0421
1142827
12297.03
64489.43
177935.6
18758.52
71149.36
17989.75
1472.534
526.2894
16735.62
704385.1
14691.65
9775.541
44581.47
57849.73
83708.79
712945.4
72640.53
33130.09
15825.15
51522.01
85124.13
5883.116
27371.26
9516.193
4036541
19591.17
61875.06
3615.554
Case #58:
41592.56
46383.63
3.069487e+07
80213.91
45601.61
44385.94
46065.54
42442.18
45204.65
44593.46
96662.32
48725.25
57067.49
56812.47
50491.21
58172.42
51302.97
52233.41
37833.46
45113.49
34006.56
44963.44
57366.84
44937.06
76249.94
48066.37
54083.34
390863.9
45025.71
33893.93
79621.41
32890.02
24476.2
212.6805
45804.96
105430
38529.89
1170.254
64981.33
63008.79
51951.51
55516.93
51918.28
45898.39
124546.3
49334.43
41818.37
57999.49
55730.99
52277.82
48914.08
39567.02
949364.9
36330.03
62488.04
41845.01
42135.17
44759.24
57875.63
43488.49
66676.23
52279.16
43198.43
60264.15
43780.93
38307.22
6995.467
36594.82
61034.61
36309.83
51382.72
18581.48
41342.99
48300.09
30899.17
31337.19
125328.4
58104.92
21261.48
62601.52
292653.3
64775.59
44790.1
43507.97
337674.2
61799.51
51327.9
50151.99
96404.28
49772.55
48505.85
30834.42
60626.25
50679.31
67757.42
31355.27
62607.59
54830.03
65413.88
42031.56
Case #59:
5666.559
13063.03
49298.72
1395986
8.975675e+08
8916.027
9515.047
342.272
1594367
10335.66
1741.125
7832.343
98343.22
7702.274
21030.51
15318.46
7261.883
2394.207
75711.33
8464.527
1.546054e+07
29223.42
39659.71
1094363
25273.85
37600.22
840.3197
224775.6
266149.7
23830.91
8184.237
66903.45
84270.85
1.701262e+08
18438.9
56139.14
3945.762
4182.703
62533.94
8476.12
13697.17
19387.85
25140.68
9139.148
8184.237
21794.9
176091.1
51787.81
6546.432
6825.316
42029.93
347604.4
649637.8
2560.563
664.7744
280371.3
5.246508e+07
42765.01
58306.25
50187.07
47472.07
11568.09
12445.24
60856.96
42029.93
9809.915
11075.61
409622.3
22827.58
9662.666
42078.49
33147.54
1031169
35048.07
21624.24
Case #60:
39527.88
67862.44
29459.88
35552.68
68102.99
75787.9
7038.981
58159.8
39020.75
41871.64
35050.1
43195.99
1107.44
59834.63
50718.03
46861.98
50621.08
46640.94
101331.4
58072.03
20092.01
24442.27
53244.88
109920.8
48982.15
41179.96
50352.47
47013.69
35376.34
59369.55
38702.71
28523.44
49812.94
38453.31
58559.53
66111.52
42218.5
33897.43
31925.84
70833.05
69859.1
828077.5
56657.24
40327.78
25506.98
38734.52
44517.93
43534.24
42149.59
66946.94
38439.94
41086.45
40959.78
25667.2
41521.99
38148.81
123339.1
41549.66
26687.72
39637.73
21578.86
27491.9
56894.12
35817.2
36037.6
61145.92
39094.54
1008.679
1206431
52168.09
37000.41
67910.88
42645.48
55140.62
38771.17
42865.83
12540.45
76402.63
49111.44
34804.74
47196.44
45964.73
45184.59
104113.7
35767.57
44178.5
46327.52
171229.7
42196.8
22000
41160.38
40888.82
66865.87
47896.35
47033.66
25055.62
437040.6
24390.43
130482.2
212211.5
Case #61:
1
2
Case #62:
48875.18
29221.81
35898.72
38106.45
43452.29
45227.48
49946.19
55948.14
13973.62
51016.84
35569.29
14650.72
34900.94
43112.64
41026.39
39830.27
77584.59
44362.79
28346.42
41230.22
33498.63
29691.61
35845.82
32776.32
39311.8
33779.41
48352.72
18288.44
47750.25
38349.73
30823.95
18954
428.9363
40975.63
20777.39
34979.17
35336.99
46791.07
56863.55
37922.28
38535.53
39970.59
35317.92
34867.41
38421.83
29370.8
48412.07
32165.88
14516.21
39587.8
32310.37
6563.518
31633.58
35554.12
44464.92
31548.4
10740.67
10805.11
135131.4
39844.99
18915.33
60207.48
34626.75
35850.91
36004.38
37465.34
12487.95
34531.54
54345.74
34776.7
65701.21
31340.63
40247.76
38473.72
42612.36
32973.77
40639.41
44812.66
68067.91
9551.555
22832.57
41685.04
919367.4
48772.65
34218.09
34536.03
8173.747
43130.99
30493.58
27364.06
143372.6
41228.56
495768.9
188747.4
34529.76
33022.27
10261.38
32198.01
48540.95
36252.15
Case #63:
44467.83
10874.25
43003.18
3127228
44214.35
24747.2
6145.89
1608698
42591.11
1063498
16399.86
9104.624
10044.69
13760.47
14555.6
54271.38
47174.45
4952698
3927.767
4161.221
6652.821
11555.39
47918.01
26202.72
7305.984
47891.72
13594.23
74739
17232.04
27245.61
33841.3
39807.64
11254.56
143309.6
76832
22875.57
136.6336
24153.1
46088.29
22280.85
10353.15
35467.2
Case #64:
16056.32
118967.6
2195.327
315895.1
160995.9
783.1744
11018.79
1986163
1596.39
418.7415
34689.82
553.6044
1038.967
37751.88
82795.98
685.1475
52583.81
56036.83
3669884
43863.4
5647100
148790.3
2.160716e+07
3967.682
3638.829
5410128
7816.061
4966.55
2531.771
88899
4502.753
48754.77
107641
427027.2
12272.94
99735
1800.292
1050298
30602.59
14783.28
30602.59
2044.061
5999.202
10525.33
Case #65:
653458.3
4067784
4.681073e+08
228089.9
379425.1
65874.93
100727.3
50281.97
60112.34
349164.1
64020.83
134767.1
51242.26
56039.29
189072.5
146260.2
7234507
4354817
24277.25
86213.59
210114.2
51682.26
82230.35
156429.3
19171.73
388522.7
8512.763
63527.77
61929.32
853311.6
5.275256e+07
104874.1
1984418
79486.98
529285.3
238644.3
585368.7
1077238
79583.6
79986.05
490164.9
912.6609
106032.6
2.757891e+08
181173.3
893552.7
733059
342142.7
3683.525
211418.6
112721.7
69295.03
4354817
160152.9
75091.18
174363
10708
1254849
824304.4
186173.9
104874.1
5847740
Case #66:
1
110648.4
11315.43
22409.4
18004.51
33247.19
11674.89
11543.34
40862.2
78488.31
51723.47
52205.55
79504.38
14677.58
26192.48
17514.06
29966.06
30398.62
20847.23
27550.11
26340.34
18620.42
32739.81
41222.25
7687.927
33387.04
20799.79
17590.2
367760.3
32216.7
54233.12
34800.33
60478.23
27862.23
32827.19
32635.59
33314.71
31007.41
34251.62
16615.58
12557.89
10113.5
35095.84
114719.4
1174.966
29009.93
98935.01
31399.65
19699.2
29635.66
2573.606
140808.5
32489.81
32002.69
27815.45
30957.15
71937.21
18542.78
5755.977
61381.15
13371.33
571701.5
10057.74
14613.06
3814.823
32256.07
25004.93
97118.13
84185.04
71566.59
15651.4
13914.67
19304.86
16217.36
11401.5
39986.08
24351.83
Case #67:
1073.328
1053391
888.4543
463.9382
4259.154
60023.57
7
7755.254
3959.845
362.3547
98846
3099.246
919.7392
919.7392
3959.845
1053391
34880.9
831.8185
43603
3099.246
1958.105
43273.55
82628
40.78771
346.4782
3739.839
3054.992
343.5695
73.39611
4259.154
66980.37
297.5399
60023.57
1842.306
904.4655
43273.55
10880.12
70.74843
3054.992
2089.128
40.78771
297.5399
208.8133
4259.154
58050.21
27.19443
3404.509
1426.967
916.0784
800.3715
11052.79
362.3547
8
208.8133
1533.02
85.25689
800.3715
1407.109
1053391
916.0784
85.25689
362.3547
1682.927
1407.109
4402.256
208.8133
66980.37
34790.21
904.4655
3099.246
2428.541
3
2089.128
Case #68:
138529.3
228461.8
2.043078e+07
24189.28
94368.01
5249.268
27313.49
26915.98
35471.74
28092.26
1628.488
68157.98
77195.79
33932.53
26453.15
42335.15
33322.77
7813.899
9408.162
2490.633
15970.06
24730.65
30188.38
29921.92
9176.422
23598.01
97234.62
51187.99
65184.29
164427.8
338109.2
9899.749
7727.486
52947.93
17919.01
42670.39
17491.63
89497.45
29.99182
30714.11
99174.83
12527.89
57357.52
9614.567
20770.59
126230
11923.58
106860.3
278580.6
13258.2
137277.1
30758.44
20692.41
76778.5
Case #69:
60626.6
63888.91
75744.54
4555.564
33474.49
903891.6
30652.16
31408.55
33549.46
2334.976
517.7854
283908.2
322620.5
56320.92
18786.61
68356.64
15869.45
180266.8
78396.01
42842.53
205809.1
47597.93
112233.3
84742.43
38067.3
15137.45
13939.9
24241.8
3486081
22532.51
2.861397e+07
99422.87
195639
181554.1
55996.24
108552.8
35512.96
5130.389
127.354
11337.07
49127.52
24384.11
159000.6
8837.438
35641.07
11254.83
15564.59
40428.09
12357.92
21967.2
73312.62
2239.638
67156.72
7978.383
24090.86
38341.91
13045.76
105093.4
8562.056
35676.86
56613.59
1096247
30861.26
50411.22
175407.6
7962.055
68764.12
19242.73
96774.58
132601.1
2444068
22757.03
56299.69
18201.38
32571.69
20703.16
27103.37
22248.54
333515
43360
79804.83
Case #70:
9.999995e+08
9.999995e+08
9.999995e+08
9.999995e+08
9.999995e+08
9.999995e+08
9.999995e+08
9.999995e+08
9.999995e+08
9.999995e+08
9.999995e+08
9.999995e+08
9.999995e+08
9.999995e+08
9.999995e+08
9.999995e+08
9.999995e+08
9.999995e+08
9.999995e+08
9.999995e+08
9.999995e+08
9.999995e+08
9.999995e+08
9.999995e+08
9.999995e+08
9.999995e+08
9.999995e+08
9.999995e+08
9.999995e+08
9.999995e+08
9.999995e+08
9.999995e+08
9.999995e+08
9.999995e+08
9.999995e+08
9.999995e+08
9.999995e+08
9.999995e+08
9.999995e+08
9.999995e+08
9.999995e+08
9.999995e+08
9.999995e+08
9.999995e+08
9.999995e+08
9.999995e+08
9.999995e+08
9.999995e+08
9.999995e+08
9.999995e+08
9.999995e+08
9.999995e+08
9.999995e+08
9.999995e+08
9.999995e+08
9.999995e+08
9.999995e+08
9.999995e+08
9.999995e+08
9.999995e+08
9.999995e+08
9.999995e+08
9.999995e+08
9.999995e+08
9.999995e+08
9.999995e+08
9.999995e+08
9.999995e+08
9.999995e+08
9.999995e+08
9.999995e+08
9.999995e+08
9.999995e+08
9.999995e+08
9.999995e+08
9.999995e+08
9.999995e+08
9.999995e+08
9.999995e+08
9.999995e+08
9.999995e+08
9.999995e+08
9.999995e+08
9.999995e+08
9.999995e+08
9.999995e+08
9.999995e+08
9.999995e+08
9.999995e+08
9.999995e+08
9.999995e+08
9.999995e+08
9.999995e+08
9.999995e+08
9.999995e+08
9.999995e+08
9.999995e+08
9.999995e+08
9.999995e+08
9.999995e+08
Case #71:
10353.38
16213.29
6.933721e+07
22133.58
18562.31
17678.82
1821.12
34818.43
10325.9
48908.53
16852.25
10325.9
49646.18
29650.41
21240.72
21701.01
1767.628
4810.146
1069866
46418.38
24917.35
40668.14
22653.56
57745.06
12584.74
368156.2
46468.91
32243.3
7127.801
22433.08
51177.84
40964.59
49408.95
1463.921
3340.592
12584.74
32242.8
16995.79
89861.38
6410.988
46468.91
17694.09
8.936423e+08
8322.78
20642
16694.56
66119.31
14684.69
9124.185
20044.88
34398.27
15101.77
Case #72:
4299642
2565.94
2434.638
270491.5
865714.3
8596.436
5610.282
2.895677e+07
19048.75
28732
Case #73:
6800.575
20958.85
44109.44
8696.952
67317.05
60952.17
63148.67
34946.21
49005.6
37610.73
45097.81
54947.98
72837.75
60624.9
63582.68
54161.77
42265.92
59368.33
67261.53
64830.24
35898.06
55929.13
76954.67
193236.6
66593.32
45158.3
59904.75
16716.91
12884.92
52713.79
38939.15
16281.84
61754.44
46348.74
67605.58
66978.53
55817.36
120239.7
55142.65
102977.9
221926
139091.6
28579.19
65668.86
68726.67
20490.25
63600.47
69273.47
60306.61
39710.74
50922.35
47011.17
35998.1
61875.13
58415.23
59077.02
55445.51
70325.22
37740.33
51309.11
51598.66
109590.1
94198.03
79980.49
32267.89
36518.42
37747.65
27369.17
42273.53
79054.19
64171.39
78076.96
2643856
64152.67
70666.47
60083.6
67938.41
29344.76
56054.43
41419.69
68064.03
12423.84
78800.05
67241.82
61621.93
43027.42
38955.2
46244.26
63087.62
47710.55
46448.92
43937
28545.37
21513.04
77720.92
70340.07
97169.58
55558.73
70717.82
38240.51
Case #74:
28220.47
69403.96
20973.47
32601.44
32334.41
32221.05
41923.19
67102.23
12255.65
40708.67
41303.09
58190.09
39941.51
65629.46
36788.71
17407.88
45279.48
42458.14
40264.56
39364.49
34506.5
6839.801
41751.24
55048.93
26235.25
34351.16
90027.08
51250.05
67232.73
19717.99
327903.9
59687.63
2162.978
64154.04
34606.27
45589.05
39691.13
158381.7
48569.78
61948.17
27612.09
39208.3
35313.38
45699.89
37481.36
69639.91
70436.2
51159.03
27159.98
45473.36
37435.48
29148.92
38040.83
31569.68
27275.75
50037.65
61933.07
35603.84
13377.45
28418.57
29397.95
52689.31
564263.3
45846.1
44437.34
12027.74
15793.28
34075.7
44884.15
32031.9
76370.05
51469.18
20717.74
87285.8
36668.72
38696.97
107398.4
28174.58
21330.62
26457.07
35251.36
64135.7
855.4018
37978.59
43134.76
39150.94
33743.73
29568.55
39066.77
28960.28
28374.85
31915.23
37694.34
49119.74
61761.8
29652.84
111505.5
32643.67
70642.21
49162.16
Case #75:
87186.54
63353.48
49538.78
38920.3
105195.6
9167.36
80012.69
68732.16
39205.6
480336.5
6112.875
71896.26
48234.38
78616.54
50341.48
197953.4
5881.631
48703.61
49383.33
12562.29
90040.08
273377.5
382.3953
115992.4
341.1453
107130.9
72873.91
105117.6
45527.33
147768
6873250
19372.43
83107.77
58713.38
21354.89
1810.269
479193.7
48273.3
44.21264
30512
24717.91
62767.99
80012.69
131394.7
261227.4
116704.6
160302.2
22355.16
122888.9
20708.82
24763.35
176129.2
7073.821
110063.1
12934.63
16930.53
28549.61
21714.17
107675.9
77041.56
58489.93
41808.93
34378.51
18161.48
234254
63547.88
646.7256
406655.4
33201.99
21171.67
46323.56
77242.96
58277.47
78235.86
38496.15
376075.4
22963.73
Case #76:
139232
400908.6
387420.5
170563.5
938163
1315335
64677.63
4.047345e+07
1750.895
159949.5
450640.1
923145.2
88924.87
257194.7
1547583
390527.8
1194869
537867.1
2.105342e+08
28808.53
206017.8
41741.56
Case #77:
56007.09
76757.29
47511.02
99691.42
29489.91
57883.76
46089.32
161892
31799.81
279197.9
51763.12
35366.02
52712.24
956413
51185.32
45169.85
44519.91
55342.57
40787.8
52768.23
53379.76
37829.33
47554.17
40295.91
49943.21
47490.23
59291.35
45796.46
83049.19
116638.5
46458.03
49263.09
46295.6
57961.97
50008.5
42472.73
59588.57
49538.04
43901.72
55344.15
48892.77
52127.1
43372.59
425617.2
55467.68
49100.02
50588.92
42431.27
52160.54
15919.88
41766.08
46501.43
45502.52
39369.97
54199.97
64454.17
48091.83
45054.65
44360.48
41192.49
47058.85
60458.92
52696.47
50809.93
47670.24
9460.72
43836
47162.08
47151.36
47768.99
34143.33
46456.88
60076.34
44504.06
51263.07
57630.22
51927.35
47431.02
55855.01
53260.08
40542.71
188080.5
41271
57548.4
53233.89
51114.89
47238.21
47563.52
40962.03
50608.62
27126.01
51953.31
54078.24
67238.19
38291.19
38461.35
82829.65
56940.93
192369.1
45794.38
Case #78:
37008.75
159139
63620.84
10712.56
102607.5
15555.25
7868.135
85418.31
236527.5
101245.3
251706
481357
76091.69
29546.34
25751.66
26288.61
Case #79:
3.415342e+08
1.462075e+08
97235.03
1.462075e+08
207353.1
647712.2
255.7477
282002.5
5.988647e+08
33797.84
28163.45
5
242855.4
101292.7
42012.84
1.763326e+07
934184
302801.6
2.339319e+08
5239
111033
4176.523
1.904106e+07
313015.3
67518.59
377845.4
5.477226
90165.4
23421.14
117129.2
1021315
218046.1
544173.3
280524.5
330435.5
250628
488403.6
250628
207353.1
124457.4
Case #80:
150848.3
109699.9
358.8165
32563.03
185117.9
17610.57
248971.2
380.1789
298860.2
42912.78
136342.9
32070.65
96323.25
113949.5
Case #81:
29496.22
47069.35
3864455
71567.22
68632.05
20000.25
40003.05
12350.13
52180.1
8703.081
52471.27
134.7516
81262.51
95767.62
3.839895e+07
6510.915
22139.05
25447.28
8871.169
31351.67
112147.4
50331.9
3393.617
38434.09
58161.17
12965.84
16698.02
29057.77
27877.18
114445.4
93.80884
68295.31
7470.823
31626.08
31094.16
767995.9
21514.25
39670
18430.27
5052677
28976.17
22416.58
381590.8
8757.453
32518.24
21942.49
59350.08
83634.5
38918.37
80973.39
50060.05
Case #82:
46128.24
36126.16
63446.62
38513.12
63699
27289.64
41961.63
81346.92
46711.98
41442.82
37334.32
29929.63
29840.13
25731.27
199060.4
37215.31
47151.56
56318.7
109345.3
43617.01
122268
53082.54
40548.06
42080.2
8582.682
189874.8
51012.2
77828.65
39941.69
71601.42
15381.62
41340.23
58522.71
31648.13
38894.04
48936.46
46155.5
45596.92
32792
35583.21
24299.39
38230.71
35141.16
84700.19
54660.18
42349.92
61894.3
39193.47
39646.2
38877.9
30628.86
35903.54
63125.95
80751.06
34282.75
23376.55
293790.5
51218.67
55489.84
75965.18
47639.73
44549.36
30579.91
44853.76
49835.9
43729.29
42164.68
42334.64
51743.12
45878.72
79253.53
46838.2
36495.34
11424.07
27690.39
61378.71
41726.16
2609.999
34763.06
44522.27
76588.31
35245.88
130713
47231.13
73713.69
42237.05
36349.45
63244.39
57135.44
38241.43
23863.39
33118.45
37787.3
40383.84
44542.48
46194.74
34592.81
166659
53233.1
43699.67
Case #83:
26087.68
26708.32
36060.86
7289.269
74085.59
35538.64
38291.99
22983.12
52240.3
28562.58
42424.97
76015.93
41786.3
40801.93
45420.18
46977.26
74621.43
6494.407
50303.25
27153.45
66400.37
51323.44
341216.9
69580.74
32926.61
44712.57
69824.86
25661.23
59122.76
27468.77
40125.49
38864.54
41943.9
26039.53
48316.97
38587.67
36628.94
62402.8
62684.29
40565.36
38782.76
39748.14
46749.14
14587.68
10569.17
20346.84
26192.47
42913.18
96423.93
25868.89
32416
37134.68
50597.98
39606.39
40217.21
43233.27
71114.31
50416.52
19585.92
74147.37
35718.43
24341.55
44148.46
20488.53
29125.78
22895.81
504159.6
75878.89
38715
35934.83
12811.8
62145.69
37559.85
40602.21
24890.15
13889.25
165738.6
73379.71
27295.46
47523.24
35693.61
28332.18
30046.25
62349.81
110700.8
47057.97
25980.41
38806.71
50880.53
38631.69
45043.05
52237.31
60355.24
48743.26
42388.55
99681.84
23976.06
8047.086
53297.98
23061.07
Case #84:
1e+09
Case #85:
10658.09
152382.9
47092.47
77966.93
232262.8
250194
26978.12
62045.87
29091.59
39355.91
11087.36
77572.41
97082.08
22198.89
26443.85
17849.8
115740.7
43454.12
50981.61
97845.32
13581.49
487.1773
22669.51
65021.68
24535.32
93386.16
124027.9
97843.92
123715.2
34149.85
3440.795
4676.154
22565.82
8672.931
88324.01
8068.718
12924.32
44071.14
43101.75
14682.84
36285.73
116612.7
29287.71
222126.2
156090.9
97770.31
15045.56
132624.1
41919.24
185074.5
74699.58
40554.36
106208.7
82767.4
9951.706
20424.08
97441.73
76190.95
113431.6
75419.35
170358.3
23950.64
97776.15
5216.752
355256.5
21236.72
65720.89
Case #86:
1612283
123011.8
17814.04
270998.7
540063.7
43076.73
1084881
69492.81
11330.87
9396.895
123011.8
73806.78
95.88644
2596.544
44616.03
20156.49
175271.1
75913.96
73806.78
99354.7
328.1842
69400.46
328.1842
35942.65
871.6297
32356.79
Case #87:
17321.96
9681.141
32632.62
21823.2
64657.36
31739.65
9521.278
46028.13
22190.77
7373.328
49829.54
40824.76
24607.93
10307.05
46611.62
28837.86
25855.65
30306.9
24724.31
30600.81
72218.02
29919.08
132663.7
31397.01
32420.32
24863.98
65878.09
11145.75
26518.02
33323.69
69790.65
14015.56
21872.11
27540.46
39909.22
24023.71
22332.61
58800.31
34525.13
17938.97
27246.05
26214.21
92554.03
21095.31
19630.28
31929.57
84010.12
31507
44120.69
37100.03
67669.88
31900.57
16847.85
15609.91
25261.94
31900.13
23601.84
18999.84
592342.1
76065.64
31175.83
66962.95
36896.79
23031.1
31946.31
20062.87
37714.49
25133.03
26042.36
23776.43
34189.46
138740
33690.8
23607.36
22812.89
35595.69
26542.05
34973.48
26054.64
33916.42
10832.96
21802.17
20542.62
7911.569
28932.31
21732.78
28223.47
36017.8
14132.9
29651.27
30517.07
22716.96
28686.93
58785.96
24835.06
24262.14
11525.79
29419.57
15936.43
15221.47
Case #88:
1041.716
1082.235
2269.605
1959.927
15006.96
1300.604
3237.582
3473.97
668.7782
Case #89:
2806.727
56873.17
114259.8
77779.35
24383.42
47043.94
54123.45
34977.1
1282976
25043.73
73071.86
899332.5
20257.44
54817.95
2620213
7853.134
8578.618
12629.35
469.2632
39086.49
38871.36
146449.7
13474.07
67850.85
73678.31
55010.3
7392.464
82058.49
42625.57
126941.5
48558.64
7174.152
57684.53
1215785
43270.81
64825.9
60222.52
87506.26
45901.22
40236.69
122002.2
209620.5
63645.87
Case #90:
8290127
290325.4
151950.6
2.379535e+07
210082.7
714531.6
571.9441
96417
146988.7
391792.5
79.03081
6044661
1024002
214817.8
276760.6
83006.05
220051.3
5451957
52372.07
864998
146016.8
1241289
559326
294802
1650516
87112.66
338749.3
658034.8
50520.49
1510797
485627
338650.8
6044661
68858.47
198121.4
161504.6
214817.8
934532.1
487720.1
4134.838
3258545
Case #91:
33034.88
5250.593
13793.66
49782.54
7726.566
4912.618
12078.77
22067.33
14111.9
8426.362
14921.75
16231.41
8938.834
5921.632
7626.882
12863.07
15664.72
7991.612
11721.55
9341.29
10651.09
7454.336
12369.04
7453.755
21828.83
8372.838
Case #92:
309751.3
754806.2
3168675
70365.82
224994.1
43975.69
88479.47
83632.59
21512.92
515094.7
1783422
294981.7
3347346
66963.12
11868
201271.7
248878.2
32533.13
730354.6
304426.4
352330.8
342723.3
205049.8
160829.8
171362.8
878889.1
1154200
102509
434659.2
1715650
41818
348114.1
338201.8
1449514
105001.8
89034.19
120043
1156227
878889.1
201271.7
222210.8
3796508
89034.19
371837.6
32312.19
30294.73
176700
388365.4
660950.3
1449514
398253.9
289877
697245.2
Case #93:
28955.8
124241.4
1549.918
43815.59
27856.45
2389538
262.5639
110392.2
410554.3
636.799
5088.307
45245.03
10425.63
102794.9
6434.53
16749.32
1.773415e+08
43348.78
9.570873e+08
36181.48
1437.806
3448.748
513.4209
15451.22
84177.54
210509.5
5.819745e+08
23369.25
27068.44
40591.09
21651.02
5722.74
46571.55
44219.26
16705.86
14833.37
30447.2
10
5088.307
65739.22
398877
25233.32
99176.53
Case #94:
2470605
424758.7
199234.5
1803.961
469343.1
527910.1
810380.9
1053979
Case #95:
20860.13
141194.9
75526.93
91605.17
37246.02
12205.12
31922.38
Case #96:
25409.81
829056
Case #97:
165044.8
242988
1.144247e+07
285086.3
213.9401
267629.3
142933.5
107384.8
693175.4
158511.3
373734.9
3038.763
1939289
84905.29
264188
1994141
1162002
126052
359922
111178.2
165459.7
141165.6
2079331
227029.7
48488.28
105937.3
2377059
3691.772
323323.2
354970.2
624131.5
6349688
267301.2
192808.8
365237
2207235
612750.4
202107.3
104475
186270.1
149514.4
809816.1
275892
382193.2
26448.48
881362.8
193656
120289.9
97614.69
112187.1
81002.83
42585.19
415761.6
280015.3
881362.8
91453.43
Case #98:
16703.06
20812.69
23714.27
388268.2
4896.165
17062.73
1423262
223434.4
24718.37
32379.64
4.233719e+07
63827.31
18052.31
769357.8
10577.99
40825.75
38899.67
460.8984
22319.16
12050.67
3902.178
34428.11
8683.982
405538.5
73859.27
20220.2
18625.15
1087940
19185.51
593943.4
32298.49
42916
470227.7
35172.57
31724
10584.52
47185.39
10179.38
18507.12
13791.55
44359.17
11216.11
Case #99:
39602.56
32564.38
30882.38
63055.3
24999.81
24374.57
54413.91
2113482
46129.09
37666.67
8.61509e+08
160076.1
31370.99
45275.67
8976514
6660.224
262455.8
35568
129968.8
43349.2
14596.35
37313.07
31811.58
37920.6
20489.97
26225.12
33629.25
42283.9
18649.47
76208.87
5512.081
25369.16
43343.1
149237
93734.59
20508.45
36493.3
1435.422
10739.24
110431.8
36849.01
4847.066
28175.7
28260.28
62323.98
55706.74
43156.71
36266.83
18083.4
26559.76
51569.81
66576.66
Case #100:
57202.71
58403.72
1381954
1129.761
25985.58
79339.69
26578.32
35790.92
16746.23
25625.11
67701.76
312094
16333.18
52986.37
14330.34
81178.08
12483.28
28820.43
417035.8
93635.21
52083.78
15509.69
17327.58
42005.67
88011.2
1434.794
65395.68
52070.47
75961.31
26048.55
203038.8
42605.85
58063.71
19852.08
225186.4
13332.23
213314.7
25025.92
780163.5
55798
